<?xml version="1.0" encoding="UTF-8"?>
<!-- Generated by org.testng.reporters.JUnitReportReporter -->
<testsuite hostname="NODE2103" failures="0" tests="7" name="Project.Actitime.CreatingTasks" time="162.909" errors="0" timestamp="2022-06-25T14:36:44 IST" skipped="0">
  <testcase classname="Project.Actitime.CreatingTasks" name="projecttaskDelete" time="22.058"/>
  <system-out/>
  <testcase classname="Project.Actitime.CreatingTasks" name="projectDelete" time="30.997"/>
  <system-out/>
  <testcase classname="Project.Actitime.CreatingTasks" name="customerCreate" time="21.215"/>
  <system-out/>
  <testcase classname="Project.Actitime.CreatingTasks" name="projecttaskCreate" time="24.837"/>
  <system-out/>
  <testcase classname="Project.Actitime.CreatingTasks" name="projecttaskComplete" time="19.581"/>
  <system-out/>
  <testcase classname="Project.Actitime.CreatingTasks" name="projectCreate" time="22.491"/>
  <system-out/>
  <testcase classname="Project.Actitime.CreatingTasks" name="customerDelete" time="21.730"/>
  <system-out/>
</testsuite> <!-- Project.Actitime.CreatingTasks -->
